USER       PID %CPU %MEM    VSZ   RSS TTY      STAT START   TIME COMMAND
root         1  0.0  0.9  28560  4580 ?        Ss   10:29   0:00 /sbin/init
root         2  0.0  0.0      0     0 ?        S    10:29   0:00 [kthreadd]
root         3  0.0  0.0      0     0 ?        S    10:29   0:00 [ksoftirqd/0]
root         4  0.0  0.0      0     0 ?        S    10:29   0:00 [kworker/0:0]
root         5  0.0  0.0      0     0 ?        S<   10:29   0:00 [kworker/0:0H]
root         7  0.0  0.0      0     0 ?        S    10:29   0:01 [rcu_sched]
root         8  0.0  0.0      0     0 ?        S    10:29   0:00 [rcu_bh]
root         9  0.0  0.0      0     0 ?        S    10:29   0:00 [migration/0]
root        10  0.0  0.0      0     0 ?        S    10:29   0:00 [watchdog/0]
root        11  0.0  0.0      0     0 ?        S<   10:29   0:00 [khelper]
root        12  0.0  0.0      0     0 ?        S    10:29   0:00 [kdevtmpfs]
root        13  0.0  0.0      0     0 ?        S<   10:29   0:00 [netns]
root        14  0.0  0.0      0     0 ?        S    10:29   0:00 [khungtaskd]
root        15  0.0  0.0      0     0 ?        S<   10:29   0:00 [writeback]
root        16  0.0  0.0      0     0 ?        SN   10:29   0:00 [ksmd]
root        17  0.0  0.0      0     0 ?        S<   10:29   0:00 [crypto]
root        18  0.0  0.0      0     0 ?        S<   10:29   0:00 [kintegrityd]
root        19  0.0  0.0      0     0 ?        S<   10:29   0:00 [bioset]
root        20  0.0  0.0      0     0 ?        S<   10:29   0:00 [kblockd]
root        22  0.0  0.0      0     0 ?        S    10:29   0:00 [kswapd0]
root        23  0.0  0.0      0     0 ?        S<   10:29   0:00 [vmstat]
root        24  0.0  0.0      0     0 ?        S    10:29   0:00 [fsnotify_mark]
root        30  0.0  0.0      0     0 ?        S<   10:29   0:00 [kthrotld]
root        31  0.0  0.0      0     0 ?        S<   10:29   0:00 [ipv6_addrconf]
root        32  0.0  0.0      0     0 ?        S<   10:29   0:00 [deferwq]
root        33  0.0  0.0      0     0 ?        S    10:29   0:00 [kworker/u2:1]
root        66  0.0  0.0      0     0 ?        S<   10:29   0:00 [kpsmoused]
root        67  0.0  0.0      0     0 ?        S<   10:29   0:00 [ata_sff]
root        70  0.0  0.0      0     0 ?        S    10:29   0:00 [scsi_eh_0]
root        71  0.0  0.0      0     0 ?        S<   10:29   0:00 [scsi_tmf_0]
root        72  0.0  0.0      0     0 ?        S    10:29   0:00 [kworker/u2:2]
root        75  0.0  0.0      0     0 ?        S<   10:29   0:00 [kworker/0:1H]
root        94  0.0  0.0      0     0 ?        S    10:29   0:00 [jbd2/sda1-8]
root        95  0.0  0.0      0     0 ?        S<   10:29   0:00 [ext4-rsv-conver]
root       128  0.0  0.0      0     0 ?        S    10:29   0:00 [kauditd]
root       132  0.0  0.7  28872  3736 ?        Ss   10:29   0:00 /lib/systemd/systemd-journald
root       140  0.0  0.6  40816  3236 ?        Ss   10:29   0:00 /lib/systemd/systemd-udevd
root       376  0.0  1.5  25404  7668 ?        Ss   10:29   0:00 dhclient -v -pf /run/dhclient.eth0.pid -lf /var/lib/dhcp/dhclient.eth0.leases eth0
                                                               
